# JRE version: OpenJDK Runtime Environment (8.0_152-b01) (build 1.8.0_152-release-1343-b01)
# Java VM: OpenJDK 64-Bit Server VM (25.152-b01 mixed mode windows-amd64 compressed oops)
Heap:
 PSYoungGen      total 160768K, used 75481K [0x00000000e0000000, 0x00000000ecc00000, 0x0000000100000000)
  eden space 144384K, 40% used [0x00000000e0000000,0x00000000e39b6ff8,0x00000000e8d00000)
  from space 16384K, 99% used [0x00000000e8d00000,0x00000000e9cff4f0,0x00000000e9d00000)
  to   space 22016K, 0% used [0x00000000eb680000,0x00000000eb680000,0x00000000ecc00000)
 ParOldGen       total 83968K, used 43195K [0x00000000a0000000, 0x00000000a5200000, 0x00000000e0000000)
  object space 83968K, 51% used [0x00000000a0000000,0x00000000a2a2ec70,0x00000000a5200000)
 Metaspace       used 65252K, capacity 67244K, committed 67584K, reserved 1107968K
  class space    used 8677K, capacity 9108K, committed 9216K, reserved 1048576K
GC Heap History (10 events):
Event: 18.621 GC heap before
{Heap before GC invocations=18 (full 2):
 PSYoungGen      total 105984K, used 105980K [0x00000000e0000000, 0x00000000e9080000, 0x0000000100000000)
  eden space 98816K, 100% used [0x00000000e0000000,0x00000000e6080000,0x00000000e6080000)
  from space 7168K, 99% used [0x00000000e6080000,0x00000000e677f2f0,0x00000000e6780000)
  to   space 10752K, 0% used [0x00000000e8600000,0x00000000e8600000,0x00000000e9080000)
 ParOldGen       total 49152K, used 20715K [0x00000000a0000000, 0x00000000a3000000, 0x00000000e0000000)
  object space 49152K, 42% used [0x00000000a0000000,0x00000000a143aee8,0x00000000a3000000)
 Metaspace       used 49912K, capacity 50934K, committed 51328K, reserved 1093632K
  class space    used 6667K, capacity 6932K, committed 7040K, reserved 1048576K
Event: 18.642 GC heap after
Heap after GC invocations=18 (full 2):
 PSYoungGen      total 136192K, used 10315K [0x00000000e0000000, 0x00000000e9280000, 0x0000000100000000)
  eden space 125440K, 0% used [0x00000000e0000000,0x00000000e0000000,0x00000000e7a80000)
  from space 10752K, 95% used [0x00000000e8600000,0x00000000e9012e00,0x00000000e9080000)
  to   space 11776K, 0% used [0x00000000e7a80000,0x00000000e7a80000,0x00000000e8600000)
 ParOldGen       total 49152K, used 27703K [0x00000000a0000000, 0x00000000a3000000, 0x00000000e0000000)
  object space 49152K, 56% used [0x00000000a0000000,0x00000000a1b0dfa0,0x00000000a3000000)
 Metaspace       used 49912K, capacity 50934K, committed 51328K, reserved 1093632K
  class space    used 6667K, capacity 6932K, committed 7040K, reserved 1048576K
}
Event: 20.478 GC heap before
{Heap before GC invocations=19 (full 2):
 PSYoungGen      total 136192K, used 106659K [0x00000000e0000000, 0x00000000e9280000, 0x0000000100000000)
  eden space 125440K, 76% used [0x00000000e0000000,0x00000000e5e15eb8,0x00000000e7a80000)
  from space 10752K, 95% used [0x00000000e8600000,0x00000000e9012e00,0x00000000e9080000)
  to   space 11776K, 0% used [0x00000000e7a80000,0x00000000e7a80000,0x00000000e8600000)
 ParOldGen       total 49152K, used 27703K [0x00000000a0000000, 0x00000000a3000000, 0x00000000e0000000)
  object space 49152K, 56% used [0x00000000a0000000,0x00000000a1b0dfa0,0x00000000a3000000)
 Metaspace       used 57641K, capacity 58980K, committed 59028K, reserved 1099776K
  class space    used 7704K, capacity 8027K, committed 8064K, reserved 1048576K
Event: 20.507 GC heap after
Heap after GC invocations=19 (full 2):
 PSYoungGen      total 137216K, used 11758K [0x00000000e0000000, 0x00000000eaf00000, 0x0000000100000000)
  eden space 125440K, 0% used [0x00000000e0000000,0x00000000e0000000,0x00000000e7a80000)
  from space 11776K, 99% used [0x00000000e7a80000,0x00000000e85fbba8,0x00000000e8600000)
  to   space 14848K, 0% used [0x00000000ea080000,0x00000000ea080000,0x00000000eaf00000)
 ParOldGen       total 49152K, used 30240K [0x00000000a0000000, 0x00000000a3000000, 0x00000000e0000000)
  object space 49152K, 61% used [0x00000000a0000000,0x00000000a1d882e8,0x00000000a3000000)
 Metaspace       used 57641K, capacity 58980K, committed 59028K, reserved 1099776K
  class space    used 7704K, capacity 8027K, committed 8064K, reserved 1048576K
}
Event: 20.507 GC heap before
{Heap before GC invocations=20 (full 3):
 PSYoungGen      total 137216K, used 11758K [0x00000000e0000000, 0x00000000eaf00000, 0x0000000100000000)
  eden space 125440K, 0% used [0x00000000e0000000,0x00000000e0000000,0x00000000e7a80000)
  from space 11776K, 99% used [0x00000000e7a80000,0x00000000e85fbba8,0x00000000e8600000)
  to   space 14848K, 0% used [0x00000000ea080000,0x00000000ea080000,0x00000000eaf00000)
 ParOldGen       total 49152K, used 30240K [0x00000000a0000000, 0x00000000a3000000, 0x00000000e0000000)
  object space 49152K, 61% used [0x00000000a0000000,0x00000000a1d882e8,0x00000000a3000000)
 Metaspace       used 57641K, capacity 58980K, committed 59028K, reserved 1099776K
  class space    used 7704K, capacity 8027K, committed 8064K, reserved 1048576K
Event: 20.809 GC heap after
Heap after GC invocations=20 (full 3):
 PSYoungGen      total 137216K, used 0K [0x00000000e0000000, 0x00000000eaf00000, 0x0000000100000000)
  eden space 125440K, 0% used [0x00000000e0000000,0x00000000e0000000,0x00000000e7a80000)
  from space 11776K, 0% used [0x00000000e7a80000,0x00000000e7a80000,0x00000000e8600000)
  to   space 14848K, 0% used [0x00000000ea080000,0x00000000ea080000,0x00000000eaf00000)
 ParOldGen       total 83968K, used 34962K [0x00000000a0000000, 0x00000000a5200000, 0x00000000e0000000)
  object space 83968K, 41% used [0x00000000a0000000,0x00000000a2224a18,0x00000000a5200000)
 Metaspace       used 57641K, capacity 58980K, committed 59028K, reserved 1099776K
  class space    used 7704K, capacity 8027K, committed 8064K, reserved 1048576K
}
Event: 23.877 GC heap before
{Heap before GC invocations=21 (full 3):
 PSYoungGen      total 137216K, used 125440K [0x00000000e0000000, 0x00000000eaf00000, 0x0000000100000000)
  eden space 125440K, 100% used [0x00000000e0000000,0x00000000e7a80000,0x00000000e7a80000)
  from space 11776K, 0% used [0x00000000e7a80000,0x00000000e7a80000,0x00000000e8600000)
  to   space 14848K, 0% used [0x00000000ea080000,0x00000000ea080000,0x00000000eaf00000)
 ParOldGen       total 83968K, used 34962K [0x00000000a0000000, 0x00000000a5200000, 0x00000000e0000000)
  object space 83968K, 41% used [0x00000000a0000000,0x00000000a2224a18,0x00000000a5200000)
 Metaspace       used 63038K, capacity 64924K, committed 65024K, reserved 1105920K
  class space    used 8477K, capacity 8888K, committed 8960K, reserved 1048576K
Event: 23.899 GC heap after
Heap after GC invocations=21 (full 3):
 PSYoungGen      total 157184K, used 12653K [0x00000000e0000000, 0x00000000ead00000, 0x0000000100000000)
  eden space 144384K, 0% used [0x00000000e0000000,0x00000000e0000000,0x00000000e8d00000)
  from space 12800K, 98% used [0x00000000ea080000,0x00000000eacdb578,0x00000000ead00000)
  to   space 16384K, 0% used [0x00000000e8d00000,0x00000000e8d00000,0x00000000e9d00000)
 ParOldGen       total 83968K, used 34970K [0x00000000a0000000, 0x00000000a5200000, 0x00000000e0000000)
  object space 83968K, 41% used [0x00000000a0000000,0x00000000a2226a18,0x00000000a5200000)
 Metaspace       used 63038K, capacity 64924K, committed 65024K, reserved 1105920K
  class space    used 8477K, capacity 8888K, committed 8960K, reserved 1048576K
}
Event: 28.147 GC heap before
{Heap before GC invocations=22 (full 3):
 PSYoungGen      total 157184K, used 157037K [0x00000000e0000000, 0x00000000ead00000, 0x0000000100000000)
  eden space 144384K, 100% used [0x00000000e0000000,0x00000000e8d00000,0x00000000e8d00000)
  from space 12800K, 98% used [0x00000000ea080000,0x00000000eacdb578,0x00000000ead00000)
  to   space 16384K, 0% used [0x00000000e8d00000,0x00000000e8d00000,0x00000000e9d00000)
 ParOldGen       total 83968K, used 34970K [0x00000000a0000000, 0x00000000a5200000, 0x00000000e0000000)
  object space 83968K, 41% used [0x00000000a0000000,0x00000000a2226a18,0x00000000a5200000)
 Metaspace       used 64726K, capacity 66662K, committed 66944K, reserved 1107968K
  class space    used 8629K, capacity 9043K, committed 9088K, reserved 1048576K
Event: 28.181 GC heap after
Heap after GC invocations=22 (full 3):
 PSYoungGen      total 160768K, used 16381K [0x00000000e0000000, 0x00000000ecc00000, 0x0000000100000000)
  eden space 144384K, 0% used [0x00000000e0000000,0x00000000e0000000,0x00000000e8d00000)
  from space 16384K, 99% used [0x00000000e8d00000,0x00000000e9cff4f0,0x00000000e9d00000)
  to   space 22016K, 0% used [0x00000000eb680000,0x00000000eb680000,0x00000000ecc00000)
 ParOldGen       total 83968K, used 43195K [0x00000000a0000000, 0x00000000a5200000, 0x00000000e0000000)
  object space 83968K, 51% used [0x00000000a0000000,0x00000000a2a2ec70,0x00000000a5200000)
 Metaspace       used 64726K, capacity 66662K, committed 66944K, reserved 1107968K
  class space    used 8629K, capacity 9043K, committed 9088K, reserved 1048576K
}

