# JRE version: OpenJDK Runtime Environment (8.0_152-b01) (build 1.8.0_152-release-1343-b01)
# Java VM: OpenJDK 64-Bit Server VM (25.152-b01 mixed mode windows-amd64 compressed oops)
Heap:
 PSYoungGen      total 160768K, used 30110K [0x00000000d5580000, 0x00000000e3280000, 0x0000000100000000)
  eden space 148480K, 12% used [0x00000000d5580000,0x00000000d6853eb0,0x00000000de680000)
  from space 12288K, 88% used [0x00000000de680000,0x00000000df113a70,0x00000000df280000)
  to   space 13312K, 0% used [0x00000000e2580000,0x00000000e2580000,0x00000000e3280000)
 ParOldGen       total 51200K, used 16498K [0x0000000080000000, 0x0000000083200000, 0x00000000d5580000)
  object space 51200K, 32% used [0x0000000080000000,0x000000008101cb50,0x0000000083200000)
 Metaspace       used 44804K, capacity 45976K, committed 46336K, reserved 1089536K
  class space    used 5990K, capacity 6316K, committed 6400K, reserved 1048576K
GC Heap History (10 events):
Event: 6.923 GC heap before
{Heap before GC invocations=9 (full 1):
 PSYoungGen      total 71680K, used 64512K [0x00000000d5580000, 0x00000000de580000, 0x0000000100000000)
  eden space 64512K, 100% used [0x00000000d5580000,0x00000000d9480000,0x00000000d9480000)
  from space 7168K, 0% used [0x00000000d9480000,0x00000000d9480000,0x00000000d9b80000)
  to   space 9216K, 0% used [0x00000000ddc80000,0x00000000ddc80000,0x00000000de580000)
 ParOldGen       total 36352K, used 10538K [0x0000000080000000, 0x0000000082380000, 0x00000000d5580000)
  object space 36352K, 28% used [0x0000000080000000,0x0000000080a4aa00,0x0000000082380000)
 Metaspace       used 27800K, capacity 28254K, committed 28544K, reserved 1073152K
  class space    used 3791K, capacity 3967K, committed 3968K, reserved 1048576K
Event: 6.936 GC heap after
Heap after GC invocations=9 (full 1):
 PSYoungGen      total 114688K, used 7560K [0x00000000d5580000, 0x00000000de400000, 0x0000000100000000)
  eden space 107008K, 0% used [0x00000000d5580000,0x00000000d5580000,0x00000000dbe00000)
  from space 7680K, 98% used [0x00000000ddc80000,0x00000000de3e2368,0x00000000de400000)
  to   space 10240K, 0% used [0x00000000dd000000,0x00000000dd000000,0x00000000dda00000)
 ParOldGen       total 36352K, used 10546K [0x0000000080000000, 0x0000000082380000, 0x00000000d5580000)
  object space 36352K, 29% used [0x0000000080000000,0x0000000080a4ca00,0x0000000082380000)
 Metaspace       used 27800K, capacity 28254K, committed 28544K, reserved 1073152K
  class space    used 3791K, capacity 3967K, committed 3968K, reserved 1048576K
}
Event: 9.817 GC heap before
{Heap before GC invocations=10 (full 1):
 PSYoungGen      total 114688K, used 114568K [0x00000000d5580000, 0x00000000de400000, 0x0000000100000000)
  eden space 107008K, 100% used [0x00000000d5580000,0x00000000dbe00000,0x00000000dbe00000)
  from space 7680K, 98% used [0x00000000ddc80000,0x00000000de3e2368,0x00000000de400000)
  to   space 10240K, 0% used [0x00000000dd000000,0x00000000dd000000,0x00000000dda00000)
 ParOldGen       total 36352K, used 10546K [0x0000000080000000, 0x0000000082380000, 0x00000000d5580000)
  object space 36352K, 29% used [0x0000000080000000,0x0000000080a4ca00,0x0000000082380000)
 Metaspace       used 33568K, capacity 34384K, committed 34688K, reserved 1079296K
  class space    used 4653K, capacity 4895K, committed 4992K, reserved 1048576K
Event: 9.846 GC heap after
Heap after GC invocations=10 (full 1):
 PSYoungGen      total 135680K, used 10222K [0x00000000d5580000, 0x00000000dff00000, 0x0000000100000000)
  eden space 125440K, 0% used [0x00000000d5580000,0x00000000d5580000,0x00000000dd000000)
  from space 10240K, 99% used [0x00000000dd000000,0x00000000dd9fb910,0x00000000dda00000)
  to   space 12800K, 0% used [0x00000000df280000,0x00000000df280000,0x00000000dff00000)
 ParOldGen       total 36352K, used 13527K [0x0000000080000000, 0x0000000082380000, 0x00000000d5580000)
  object space 36352K, 37% used [0x0000000080000000,0x0000000080d35d78,0x0000000082380000)
 Metaspace       used 33568K, capacity 34384K, committed 34688K, reserved 1079296K
  class space    used 4653K, capacity 4895K, committed 4992K, reserved 1048576K
}
Event: 10.023 GC heap before
{Heap before GC invocations=11 (full 1):
 PSYoungGen      total 135680K, used 19515K [0x00000000d5580000, 0x00000000dff00000, 0x0000000100000000)
  eden space 125440K, 7% used [0x00000000d5580000,0x00000000d5e934f8,0x00000000dd000000)
  from space 10240K, 99% used [0x00000000dd000000,0x00000000dd9fb910,0x00000000dda00000)
  to   space 12800K, 0% used [0x00000000df280000,0x00000000df280000,0x00000000dff00000)
 ParOldGen       total 36352K, used 13527K [0x0000000080000000, 0x0000000082380000, 0x00000000d5580000)
  object space 36352K, 37% used [0x0000000080000000,0x0000000080d35d78,0x0000000082380000)
 Metaspace       used 34613K, capacity 35370K, committed 35496K, reserved 1079296K
  class space    used 4772K, capacity 5028K, committed 5120K, reserved 1048576K
Event: 10.034 GC heap after
Heap after GC invocations=11 (full 1):
 PSYoungGen      total 161280K, used 5922K [0x00000000d5580000, 0x00000000e1f80000, 0x0000000100000000)
  eden space 148480K, 0% used [0x00000000d5580000,0x00000000d5580000,0x00000000de680000)
  from space 12800K, 46% used [0x00000000df280000,0x00000000df848928,0x00000000dff00000)
  to   space 12288K, 0% used [0x00000000de680000,0x00000000de680000,0x00000000df280000)
 ParOldGen       total 36352K, used 16903K [0x0000000080000000, 0x0000000082380000, 0x00000000d5580000)
  object space 36352K, 46% used [0x0000000080000000,0x0000000081081d58,0x0000000082380000)
 Metaspace       used 34613K, capacity 35370K, committed 35496K, reserved 1079296K
  class space    used 4772K, capacity 5028K, committed 5120K, reserved 1048576K
}
Event: 10.034 GC heap before
{Heap before GC invocations=12 (full 2):
 PSYoungGen      total 161280K, used 5922K [0x00000000d5580000, 0x00000000e1f80000, 0x0000000100000000)
  eden space 148480K, 0% used [0x00000000d5580000,0x00000000d5580000,0x00000000de680000)
  from space 12800K, 46% used [0x00000000df280000,0x00000000df848928,0x00000000dff00000)
  to   space 12288K, 0% used [0x00000000de680000,0x00000000de680000,0x00000000df280000)
 ParOldGen       total 36352K, used 16903K [0x0000000080000000, 0x0000000082380000, 0x00000000d5580000)
  object space 36352K, 46% used [0x0000000080000000,0x0000000081081d58,0x0000000082380000)
 Metaspace       used 34613K, capacity 35370K, committed 35496K, reserved 1079296K
  class space    used 4772K, capacity 5028K, committed 5120K, reserved 1048576K
Event: 10.128 GC heap after
Heap after GC invocations=12 (full 2):
 PSYoungGen      total 161280K, used 0K [0x00000000d5580000, 0x00000000e1f80000, 0x0000000100000000)
  eden space 148480K, 0% used [0x00000000d5580000,0x00000000d5580000,0x00000000de680000)
  from space 12800K, 0% used [0x00000000df280000,0x00000000df280000,0x00000000dff00000)
  to   space 12288K, 0% used [0x00000000de680000,0x00000000de680000,0x00000000df280000)
 ParOldGen       total 51200K, used 16426K [0x0000000080000000, 0x0000000083200000, 0x00000000d5580000)
  object space 51200K, 32% used [0x0000000080000000,0x000000008100ab40,0x0000000083200000)
 Metaspace       used 34613K, capacity 35370K, committed 35496K, reserved 1079296K
  class space    used 4772K, capacity 5028K, committed 5120K, reserved 1048576K
}
Event: 18.758 GC heap before
{Heap before GC invocations=13 (full 2):
 PSYoungGen      total 161280K, used 148480K [0x00000000d5580000, 0x00000000e1f80000, 0x0000000100000000)
  eden space 148480K, 100% used [0x00000000d5580000,0x00000000de680000,0x00000000de680000)
  from space 12800K, 0% used [0x00000000df280000,0x00000000df280000,0x00000000dff00000)
  to   space 12288K, 0% used [0x00000000de680000,0x00000000de680000,0x00000000df280000)
 ParOldGen       total 51200K, used 16426K [0x0000000080000000, 0x0000000083200000, 0x00000000d5580000)
  object space 51200K, 32% used [0x0000000080000000,0x000000008100ab40,0x0000000083200000)
 Metaspace       used 44074K, capacity 45138K, committed 45440K, reserved 1089536K
  class space    used 5895K, capacity 6187K, committed 6272K, reserved 1048576K
Event: 18.781 GC heap after
Heap after GC invocations=13 (full 2):
 PSYoungGen      total 160768K, used 10830K [0x00000000d5580000, 0x00000000e3280000, 0x0000000100000000)
  eden space 148480K, 0% used [0x00000000d5580000,0x00000000d5580000,0x00000000de680000)
  from space 12288K, 88% used [0x00000000de680000,0x00000000df113a70,0x00000000df280000)
  to   space 13312K, 0% used [0x00000000e2580000,0x00000000e2580000,0x00000000e3280000)
 ParOldGen       total 51200K, used 16498K [0x0000000080000000, 0x0000000083200000, 0x00000000d5580000)
  object space 51200K, 32% used [0x0000000080000000,0x000000008101cb50,0x0000000083200000)
 Metaspace       used 44074K, capacity 45138K, committed 45440K, reserved 1089536K
  class space    used 5895K, capacity 6187K, committed 6272K, reserved 1048576K
}

