# JRE version: OpenJDK Runtime Environment (8.0_152-b01) (build 1.8.0_152-release-1343-b01)
# Java VM: OpenJDK 64-Bit Server VM (25.152-b01 mixed mode windows-amd64 compressed oops)
Heap:
 PSYoungGen      total 134656K, used 106638K [0x00000000e0000000, 0x00000000e9500000, 0x0000000100000000)
  eden space 121856K, 87% used [0x00000000e0000000,0x00000000e6823870,0x00000000e7700000)
  from space 12800K, 0% used [0x00000000e8580000,0x00000000e8580000,0x00000000e9200000)
  to   space 14848K, 0% used [0x00000000e7700000,0x00000000e7700000,0x00000000e8580000)
 ParOldGen       total 56320K, used 34679K [0x00000000a0000000, 0x00000000a3700000, 0x00000000e0000000)
  object space 56320K, 61% used [0x00000000a0000000,0x00000000a21ddea8,0x00000000a3700000)
 Metaspace       used 63356K, capacity 65392K, committed 65664K, reserved 1105920K
  class space    used 8603K, capacity 9049K, committed 9088K, reserved 1048576K
GC Heap History (10 events):
Event: 13.508 GC heap before
{Heap before GC invocations=17 (full 2):
 PSYoungGen      total 91648K, used 83456K [0x00000000e0000000, 0x00000000e6880000, 0x0000000100000000)
  eden space 83456K, 100% used [0x00000000e0000000,0x00000000e5180000,0x00000000e5180000)
  from space 8192K, 0% used [0x00000000e5980000,0x00000000e5980000,0x00000000e6180000)
  to   space 8192K, 0% used [0x00000000e5180000,0x00000000e5180000,0x00000000e5980000)
 ParOldGen       total 56320K, used 16410K [0x00000000a0000000, 0x00000000a3700000, 0x00000000e0000000)
  object space 56320K, 29% used [0x00000000a0000000,0x00000000a1006ba8,0x00000000a3700000)
 Metaspace       used 36547K, capacity 37406K, committed 37504K, reserved 1081344K
  class space    used 4940K, capacity 5200K, committed 5248K, reserved 1048576K
Event: 13.517 GC heap after
Heap after GC invocations=17 (full 2):
 PSYoungGen      total 91648K, used 1968K [0x00000000e0000000, 0x00000000e7a80000, 0x0000000100000000)
  eden space 83456K, 0% used [0x00000000e0000000,0x00000000e0000000,0x00000000e5180000)
  from space 8192K, 24% used [0x00000000e5180000,0x00000000e536c040,0x00000000e5980000)
  to   space 8192K, 0% used [0x00000000e7280000,0x00000000e7280000,0x00000000e7a80000)
 ParOldGen       total 56320K, used 16482K [0x00000000a0000000, 0x00000000a3700000, 0x00000000e0000000)
  object space 56320K, 29% used [0x00000000a0000000,0x00000000a1018bb8,0x00000000a3700000)
 Metaspace       used 36547K, capacity 37406K, committed 37504K, reserved 1081344K
  class space    used 4940K, capacity 5200K, committed 5248K, reserved 1048576K
}
Event: 20.149 GC heap before
{Heap before GC invocations=18 (full 2):
 PSYoungGen      total 91648K, used 85424K [0x00000000e0000000, 0x00000000e7a80000, 0x0000000100000000)
  eden space 83456K, 100% used [0x00000000e0000000,0x00000000e5180000,0x00000000e5180000)
  from space 8192K, 24% used [0x00000000e5180000,0x00000000e536c040,0x00000000e5980000)
  to   space 8192K, 0% used [0x00000000e7280000,0x00000000e7280000,0x00000000e7a80000)
 ParOldGen       total 56320K, used 16482K [0x00000000a0000000, 0x00000000a3700000, 0x00000000e0000000)
  object space 56320K, 29% used [0x00000000a0000000,0x00000000a1018bb8,0x00000000a3700000)
 Metaspace       used 44914K, capacity 46040K, committed 46336K, reserved 1089536K
  class space    used 6002K, capacity 6316K, committed 6400K, reserved 1048576K
Event: 20.166 GC heap after
Heap after GC invocations=18 (full 2):
 PSYoungGen      total 113664K, used 8165K [0x00000000e0000000, 0x00000000e7d00000, 0x0000000100000000)
  eden space 105472K, 0% used [0x00000000e0000000,0x00000000e0000000,0x00000000e6700000)
  from space 8192K, 99% used [0x00000000e7280000,0x00000000e7a79740,0x00000000e7a80000)
  to   space 11264K, 0% used [0x00000000e6700000,0x00000000e6700000,0x00000000e7200000)
 ParOldGen       total 56320K, used 21143K [0x00000000a0000000, 0x00000000a3700000, 0x00000000e0000000)
  object space 56320K, 37% used [0x00000000a0000000,0x00000000a14a5ec0,0x00000000a3700000)
 Metaspace       used 44914K, capacity 46040K, committed 46336K, reserved 1089536K
  class space    used 6002K, capacity 6316K, committed 6400K, reserved 1048576K
}
Event: 22.516 GC heap before
{Heap before GC invocations=19 (full 2):
 PSYoungGen      total 113664K, used 113637K [0x00000000e0000000, 0x00000000e7d00000, 0x0000000100000000)
  eden space 105472K, 100% used [0x00000000e0000000,0x00000000e6700000,0x00000000e6700000)
  from space 8192K, 99% used [0x00000000e7280000,0x00000000e7a79740,0x00000000e7a80000)
  to   space 11264K, 0% used [0x00000000e6700000,0x00000000e6700000,0x00000000e7200000)
 ParOldGen       total 56320K, used 21143K [0x00000000a0000000, 0x00000000a3700000, 0x00000000e0000000)
  object space 56320K, 37% used [0x00000000a0000000,0x00000000a14a5ec0,0x00000000a3700000)
 Metaspace       used 52587K, capacity 53960K, committed 54272K, reserved 1095680K
  class space    used 7011K, capacity 7345K, committed 7424K, reserved 1048576K
Event: 22.556 GC heap after
Heap after GC invocations=19 (full 2):
 PSYoungGen      total 116736K, used 11059K [0x00000000e0000000, 0x00000000e9200000, 0x0000000100000000)
  eden space 105472K, 0% used [0x00000000e0000000,0x00000000e0000000,0x00000000e6700000)
  from space 11264K, 98% used [0x00000000e6700000,0x00000000e71ccc68,0x00000000e7200000)
  to   space 12800K, 0% used [0x00000000e8580000,0x00000000e8580000,0x00000000e9200000)
 ParOldGen       total 56320K, used 27211K [0x00000000a0000000, 0x00000000a3700000, 0x00000000e0000000)
  object space 56320K, 48% used [0x00000000a0000000,0x00000000a1a92ef8,0x00000000a3700000)
 Metaspace       used 52587K, capacity 53960K, committed 54272K, reserved 1095680K
  class space    used 7011K, capacity 7345K, committed 7424K, reserved 1048576K
}
Event: 23.928 GC heap before
{Heap before GC invocations=20 (full 2):
 PSYoungGen      total 116736K, used 88424K [0x00000000e0000000, 0x00000000e9200000, 0x0000000100000000)
  eden space 105472K, 73% used [0x00000000e0000000,0x00000000e4b8d668,0x00000000e6700000)
  from space 11264K, 98% used [0x00000000e6700000,0x00000000e71ccc68,0x00000000e7200000)
  to   space 12800K, 0% used [0x00000000e8580000,0x00000000e8580000,0x00000000e9200000)
 ParOldGen       total 56320K, used 27211K [0x00000000a0000000, 0x00000000a3700000, 0x00000000e0000000)
  object space 56320K, 48% used [0x00000000a0000000,0x00000000a1a92ef8,0x00000000a3700000)
 Metaspace       used 57442K, capacity 59066K, committed 59160K, reserved 1099776K
  class space    used 7651K, capacity 8030K, committed 8064K, reserved 1048576K
Event: 23.946 GC heap after
Heap after GC invocations=20 (full 2):
 PSYoungGen      total 134656K, used 12619K [0x00000000e0000000, 0x00000000e9500000, 0x0000000100000000)
  eden space 121856K, 0% used [0x00000000e0000000,0x00000000e0000000,0x00000000e7700000)
  from space 12800K, 98% used [0x00000000e8580000,0x00000000e91d2c90,0x00000000e9200000)
  to   space 14848K, 0% used [0x00000000e7700000,0x00000000e7700000,0x00000000e8580000)
 ParOldGen       total 56320K, used 27219K [0x00000000a0000000, 0x00000000a3700000, 0x00000000e0000000)
  object space 56320K, 48% used [0x00000000a0000000,0x00000000a1a94ef8,0x00000000a3700000)
 Metaspace       used 57442K, capacity 59066K, committed 59160K, reserved 1099776K
  class space    used 7651K, capacity 8030K, committed 8064K, reserved 1048576K
}
Event: 23.946 GC heap before
{Heap before GC invocations=21 (full 3):
 PSYoungGen      total 134656K, used 12619K [0x00000000e0000000, 0x00000000e9500000, 0x0000000100000000)
  eden space 121856K, 0% used [0x00000000e0000000,0x00000000e0000000,0x00000000e7700000)
  from space 12800K, 98% used [0x00000000e8580000,0x00000000e91d2c90,0x00000000e9200000)
  to   space 14848K, 0% used [0x00000000e7700000,0x00000000e7700000,0x00000000e8580000)
 ParOldGen       total 56320K, used 27219K [0x00000000a0000000, 0x00000000a3700000, 0x00000000e0000000)
  object space 56320K, 48% used [0x00000000a0000000,0x00000000a1a94ef8,0x00000000a3700000)
 Metaspace       used 57442K, capacity 59066K, committed 59160K, reserved 1099776K
  class space    used 7651K, capacity 8030K, committed 8064K, reserved 1048576K
Event: 24.265 GC heap after
Heap after GC invocations=21 (full 3):
 PSYoungGen      total 134656K, used 0K [0x00000000e0000000, 0x00000000e9500000, 0x0000000100000000)
  eden space 121856K, 0% used [0x00000000e0000000,0x00000000e0000000,0x00000000e7700000)
  from space 12800K, 0% used [0x00000000e8580000,0x00000000e8580000,0x00000000e9200000)
  to   space 14848K, 0% used [0x00000000e7700000,0x00000000e7700000,0x00000000e8580000)
 ParOldGen       total 56320K, used 34679K [0x00000000a0000000, 0x00000000a3700000, 0x00000000e0000000)
  object space 56320K, 61% used [0x00000000a0000000,0x00000000a21ddea8,0x00000000a3700000)
 Metaspace       used 57442K, capacity 59066K, committed 59160K, reserved 1099776K
  class space    used 7651K, capacity 8030K, committed 8064K, reserved 1048576K
}

