# JRE version: OpenJDK Runtime Environment (8.0_152-b01) (build 1.8.0_152-release-1343-b01)
# Java VM: OpenJDK 64-Bit Server VM (25.152-b01 mixed mode windows-amd64 compressed oops)
Heap:
 PSYoungGen      total 138752K, used 45050K [0x00000000e0000000, 0x00000000eb600000, 0x0000000100000000)
  eden space 128000K, 28% used [0x00000000e0000000,0x00000000e240add0,0x00000000e7d00000)
  from space 10752K, 75% used [0x00000000e7d00000,0x00000000e84f3a98,0x00000000e8780000)
  to   space 11264K, 0% used [0x00000000eab00000,0x00000000eab00000,0x00000000eb600000)
 ParOldGen       total 54272K, used 17142K [0x00000000a0000000, 0x00000000a3500000, 0x00000000e0000000)
  object space 54272K, 31% used [0x00000000a0000000,0x00000000a10bd978,0x00000000a3500000)
 Metaspace       used 44550K, capacity 45746K, committed 46080K, reserved 1089536K
  class space    used 5953K, capacity 6283K, committed 6400K, reserved 1048576K
GC Heap History (10 events):
Event: 8.521 GC heap before
{Heap before GC invocations=11 (full 1):
 PSYoungGen      total 72192K, used 64512K [0x00000000e0000000, 0x00000000e7300000, 0x0000000100000000)
  eden space 64512K, 100% used [0x00000000e0000000,0x00000000e3f00000,0x00000000e3f00000)
  from space 7680K, 0% used [0x00000000e3f00000,0x00000000e3f00000,0x00000000e4680000)
  to   space 7168K, 0% used [0x00000000e6c00000,0x00000000e6c00000,0x00000000e7300000)
 ParOldGen       total 32768K, used 8000K [0x00000000a0000000, 0x00000000a2000000, 0x00000000e0000000)
  object space 32768K, 24% used [0x00000000a0000000,0x00000000a07d0240,0x00000000a2000000)
 Metaspace       used 27851K, capacity 28382K, committed 28544K, reserved 1073152K
  class space    used 3790K, capacity 3967K, committed 3968K, reserved 1048576K
Event: 8.552 GC heap after
Heap after GC invocations=11 (full 1):
 PSYoungGen      total 98816K, used 7157K [0x00000000e0000000, 0x00000000e7300000, 0x0000000100000000)
  eden space 91648K, 0% used [0x00000000e0000000,0x00000000e0000000,0x00000000e5980000)
  from space 7168K, 99% used [0x00000000e6c00000,0x00000000e72fd6a8,0x00000000e7300000)
  to   space 8192K, 0% used [0x00000000e6300000,0x00000000e6300000,0x00000000e6b00000)
 ParOldGen       total 32768K, used 8395K [0x00000000a0000000, 0x00000000a2000000, 0x00000000e0000000)
  object space 32768K, 25% used [0x00000000a0000000,0x00000000a0832fe8,0x00000000a2000000)
 Metaspace       used 27851K, capacity 28382K, committed 28544K, reserved 1073152K
  class space    used 3790K, capacity 3967K, committed 3968K, reserved 1048576K
}
Event: 11.852 GC heap before
{Heap before GC invocations=12 (full 1):
 PSYoungGen      total 98816K, used 98805K [0x00000000e0000000, 0x00000000e7300000, 0x0000000100000000)
  eden space 91648K, 100% used [0x00000000e0000000,0x00000000e5980000,0x00000000e5980000)
  from space 7168K, 99% used [0x00000000e6c00000,0x00000000e72fd6a8,0x00000000e7300000)
  to   space 8192K, 0% used [0x00000000e6300000,0x00000000e6300000,0x00000000e6b00000)
 ParOldGen       total 32768K, used 8395K [0x00000000a0000000, 0x00000000a2000000, 0x00000000e0000000)
  object space 32768K, 25% used [0x00000000a0000000,0x00000000a0832fe8,0x00000000a2000000)
 Metaspace       used 32903K, capacity 33632K, committed 33792K, reserved 1079296K
  class space    used 4535K, capacity 4754K, committed 4864K, reserved 1048576K
Event: 11.876 GC heap after
Heap after GC invocations=12 (full 1):
 PSYoungGen      total 109568K, used 8187K [0x00000000e0000000, 0x00000000e9200000, 0x0000000100000000)
  eden space 101376K, 0% used [0x00000000e0000000,0x00000000e0000000,0x00000000e6300000)
  from space 8192K, 99% used [0x00000000e6300000,0x00000000e6afecd0,0x00000000e6b00000)
  to   space 10752K, 0% used [0x00000000e8780000,0x00000000e8780000,0x00000000e9200000)
 ParOldGen       total 32768K, used 12134K [0x00000000a0000000, 0x00000000a2000000, 0x00000000e0000000)
  object space 32768K, 37% used [0x00000000a0000000,0x00000000a0bd9838,0x00000000a2000000)
 Metaspace       used 32903K, capacity 33632K, committed 33792K, reserved 1079296K
  class space    used 4535K, capacity 4754K, committed 4864K, reserved 1048576K
}
Event: 12.618 GC heap before
{Heap before GC invocations=13 (full 1):
 PSYoungGen      total 109568K, used 32402K [0x00000000e0000000, 0x00000000e9200000, 0x0000000100000000)
  eden space 101376K, 23% used [0x00000000e0000000,0x00000000e17a5ea0,0x00000000e6300000)
  from space 8192K, 99% used [0x00000000e6300000,0x00000000e6afecd0,0x00000000e6b00000)
  to   space 10752K, 0% used [0x00000000e8780000,0x00000000e8780000,0x00000000e9200000)
 ParOldGen       total 32768K, used 12134K [0x00000000a0000000, 0x00000000a2000000, 0x00000000e0000000)
  object space 32768K, 37% used [0x00000000a0000000,0x00000000a0bd9838,0x00000000a2000000)
 Metaspace       used 34514K, capacity 35370K, committed 35496K, reserved 1079296K
  class space    used 4760K, capacity 5028K, committed 5120K, reserved 1048576K
Event: 12.640 GC heap after
Heap after GC invocations=13 (full 1):
 PSYoungGen      total 138752K, used 2227K [0x00000000e0000000, 0x00000000ea100000, 0x0000000100000000)
  eden space 128000K, 0% used [0x00000000e0000000,0x00000000e0000000,0x00000000e7d00000)
  from space 10752K, 20% used [0x00000000e8780000,0x00000000e89acef8,0x00000000e9200000)
  to   space 10752K, 0% used [0x00000000e7d00000,0x00000000e7d00000,0x00000000e8780000)
 ParOldGen       total 32768K, used 16574K [0x00000000a0000000, 0x00000000a2000000, 0x00000000e0000000)
  object space 32768K, 50% used [0x00000000a0000000,0x00000000a102f8a8,0x00000000a2000000)
 Metaspace       used 34514K, capacity 35370K, committed 35496K, reserved 1079296K
  class space    used 4760K, capacity 5028K, committed 5120K, reserved 1048576K
}
Event: 12.640 GC heap before
{Heap before GC invocations=14 (full 2):
 PSYoungGen      total 138752K, used 2227K [0x00000000e0000000, 0x00000000ea100000, 0x0000000100000000)
  eden space 128000K, 0% used [0x00000000e0000000,0x00000000e0000000,0x00000000e7d00000)
  from space 10752K, 20% used [0x00000000e8780000,0x00000000e89acef8,0x00000000e9200000)
  to   space 10752K, 0% used [0x00000000e7d00000,0x00000000e7d00000,0x00000000e8780000)
 ParOldGen       total 32768K, used 16574K [0x00000000a0000000, 0x00000000a2000000, 0x00000000e0000000)
  object space 32768K, 50% used [0x00000000a0000000,0x00000000a102f8a8,0x00000000a2000000)
 Metaspace       used 34514K, capacity 35370K, committed 35496K, reserved 1079296K
  class space    used 4760K, capacity 5028K, committed 5120K, reserved 1048576K
Event: 12.778 GC heap after
Heap after GC invocations=14 (full 2):
 PSYoungGen      total 138752K, used 0K [0x00000000e0000000, 0x00000000ea100000, 0x0000000100000000)
  eden space 128000K, 0% used [0x00000000e0000000,0x00000000e0000000,0x00000000e7d00000)
  from space 10752K, 0% used [0x00000000e8780000,0x00000000e8780000,0x00000000e9200000)
  to   space 10752K, 0% used [0x00000000e7d00000,0x00000000e7d00000,0x00000000e8780000)
 ParOldGen       total 54272K, used 17070K [0x00000000a0000000, 0x00000000a3500000, 0x00000000e0000000)
  object space 54272K, 31% used [0x00000000a0000000,0x00000000a10ab968,0x00000000a3500000)
 Metaspace       used 34514K, capacity 35370K, committed 35496K, reserved 1079296K
  class space    used 4760K, capacity 5028K, committed 5120K, reserved 1048576K
}
Event: 26.760 GC heap before
{Heap before GC invocations=15 (full 2):
 PSYoungGen      total 138752K, used 128000K [0x00000000e0000000, 0x00000000ea100000, 0x0000000100000000)
  eden space 128000K, 100% used [0x00000000e0000000,0x00000000e7d00000,0x00000000e7d00000)
  from space 10752K, 0% used [0x00000000e8780000,0x00000000e8780000,0x00000000e9200000)
  to   space 10752K, 0% used [0x00000000e7d00000,0x00000000e7d00000,0x00000000e8780000)
 ParOldGen       total 54272K, used 17070K [0x00000000a0000000, 0x00000000a3500000, 0x00000000e0000000)
  object space 54272K, 31% used [0x00000000a0000000,0x00000000a10ab968,0x00000000a3500000)
 Metaspace       used 41654K, capacity 42740K, committed 43008K, reserved 1087488K
  class space    used 5581K, capacity 5846K, committed 5888K, reserved 1048576K
Event: 26.772 GC heap after
Heap after GC invocations=15 (full 2):
 PSYoungGen      total 138752K, used 8142K [0x00000000e0000000, 0x00000000eb600000, 0x0000000100000000)
  eden space 128000K, 0% used [0x00000000e0000000,0x00000000e0000000,0x00000000e7d00000)
  from space 10752K, 75% used [0x00000000e7d00000,0x00000000e84f3a98,0x00000000e8780000)
  to   space 11264K, 0% used [0x00000000eab00000,0x00000000eab00000,0x00000000eb600000)
 ParOldGen       total 54272K, used 17142K [0x00000000a0000000, 0x00000000a3500000, 0x00000000e0000000)
  object space 54272K, 31% used [0x00000000a0000000,0x00000000a10bd978,0x00000000a3500000)
 Metaspace       used 41654K, capacity 42740K, committed 43008K, reserved 1087488K
  class space    used 5581K, capacity 5846K, committed 5888K, reserved 1048576K
}

