# JRE version: OpenJDK Runtime Environment (8.0_152-b01) (build 1.8.0_152-release-1343-b01)
# Java VM: OpenJDK 64-Bit Server VM (25.152-b01 mixed mode windows-amd64 compressed oops)
Heap:
 PSYoungGen      total 138752K, used 94153K [0x00000000e0000000, 0x00000000eb580000, 0x0000000100000000)
  eden space 126464K, 74% used [0x00000000e0000000,0x00000000e5bf26f8,0x00000000e7b80000)
  from space 12288K, 0% used [0x00000000e8780000,0x00000000e8780000,0x00000000e9380000)
  to   space 12288K, 0% used [0x00000000e7b80000,0x00000000e7b80000,0x00000000e8780000)
 ParOldGen       total 56320K, used 14274K [0x00000000a0000000, 0x00000000a3700000, 0x00000000e0000000)
  object space 56320K, 25% used [0x00000000a0000000,0x00000000a0df09e8,0x00000000a3700000)
 Metaspace       used 40708K, capacity 41506K, committed 41856K, reserved 1085440K
  class space    used 5442K, capacity 5663K, committed 5760K, reserved 1048576K
GC Heap History (10 events):
Event: 3.744 GC heap before
{Heap before GC invocations=8 (full 1):
 PSYoungGen      total 71680K, used 7664K [0x00000000e0000000, 0x00000000e8f00000, 0x0000000100000000)
  eden space 64000K, 0% used [0x00000000e0000000,0x00000000e0000000,0x00000000e3e80000)
  from space 7680K, 99% used [0x00000000e3e80000,0x00000000e45fc360,0x00000000e4600000)
  to   space 9216K, 0% used [0x00000000e8600000,0x00000000e8600000,0x00000000e8f00000)
 ParOldGen       total 44032K, used 7491K [0x00000000a0000000, 0x00000000a2b00000, 0x00000000e0000000)
  object space 44032K, 17% used [0x00000000a0000000,0x00000000a0750f68,0x00000000a2b00000)
 Metaspace       used 20751K, capacity 21096K, committed 21248K, reserved 1067008K
  class space    used 2884K, capacity 3033K, committed 3072K, reserved 1048576K
Event: 3.804 GC heap after
Heap after GC invocations=8 (full 1):
 PSYoungGen      total 71680K, used 0K [0x00000000e0000000, 0x00000000e8f00000, 0x0000000100000000)
  eden space 64000K, 0% used [0x00000000e0000000,0x00000000e0000000,0x00000000e3e80000)
  from space 7680K, 0% used [0x00000000e3e80000,0x00000000e3e80000,0x00000000e4600000)
  to   space 9216K, 0% used [0x00000000e8600000,0x00000000e8600000,0x00000000e8f00000)
 ParOldGen       total 40448K, used 12614K [0x00000000a0000000, 0x00000000a2780000, 0x00000000e0000000)
  object space 40448K, 31% used [0x00000000a0000000,0x00000000a0c518b0,0x00000000a2780000)
 Metaspace       used 20751K, capacity 21096K, committed 21248K, reserved 1067008K
  class space    used 2884K, capacity 3033K, committed 3072K, reserved 1048576K
}
Event: 4.966 GC heap before
{Heap before GC invocations=9 (full 1):
 PSYoungGen      total 71680K, used 64000K [0x00000000e0000000, 0x00000000e8f00000, 0x0000000100000000)
  eden space 64000K, 100% used [0x00000000e0000000,0x00000000e3e80000,0x00000000e3e80000)
  from space 7680K, 0% used [0x00000000e3e80000,0x00000000e3e80000,0x00000000e4600000)
  to   space 9216K, 0% used [0x00000000e8600000,0x00000000e8600000,0x00000000e8f00000)
 ParOldGen       total 40448K, used 12614K [0x00000000a0000000, 0x00000000a2780000, 0x00000000e0000000)
  object space 40448K, 31% used [0x00000000a0000000,0x00000000a0c518b0,0x00000000a2780000)
 Metaspace       used 27274K, capacity 27720K, committed 28032K, reserved 1073152K
  class space    used 3730K, capacity 3910K, committed 3968K, reserved 1048576K
Event: 4.981 GC heap after
Heap after GC invocations=9 (full 1):
 PSYoungGen      total 104448K, used 7880K [0x00000000e0000000, 0x00000000e8e00000, 0x0000000100000000)
  eden space 96256K, 0% used [0x00000000e0000000,0x00000000e0000000,0x00000000e5e00000)
  from space 8192K, 96% used [0x00000000e8600000,0x00000000e8db22a0,0x00000000e8e00000)
  to   space 10240K, 0% used [0x00000000e7a00000,0x00000000e7a00000,0x00000000e8400000)
 ParOldGen       total 40448K, used 12622K [0x00000000a0000000, 0x00000000a2780000, 0x00000000e0000000)
  object space 40448K, 31% used [0x00000000a0000000,0x00000000a0c538b0,0x00000000a2780000)
 Metaspace       used 27274K, capacity 27720K, committed 28032K, reserved 1073152K
  class space    used 3730K, capacity 3910K, committed 3968K, reserved 1048576K
}
Event: 6.902 GC heap before
{Heap before GC invocations=10 (full 1):
 PSYoungGen      total 104448K, used 104136K [0x00000000e0000000, 0x00000000e8e00000, 0x0000000100000000)
  eden space 96256K, 100% used [0x00000000e0000000,0x00000000e5e00000,0x00000000e5e00000)
  from space 8192K, 96% used [0x00000000e8600000,0x00000000e8db22a0,0x00000000e8e00000)
  to   space 10240K, 0% used [0x00000000e7a00000,0x00000000e7a00000,0x00000000e8400000)
 ParOldGen       total 40448K, used 12622K [0x00000000a0000000, 0x00000000a2780000, 0x00000000e0000000)
  object space 40448K, 31% used [0x00000000a0000000,0x00000000a0c538b0,0x00000000a2780000)
 Metaspace       used 34274K, capacity 34834K, committed 35072K, reserved 1079296K
  class space    used 4652K, capacity 4837K, committed 4864K, reserved 1048576K
Event: 6.944 GC heap after
Heap after GC invocations=10 (full 1):
 PSYoungGen      total 135168K, used 10231K [0x00000000e0000000, 0x00000000e9380000, 0x0000000100000000)
  eden space 124928K, 0% used [0x00000000e0000000,0x00000000e0000000,0x00000000e7a00000)
  from space 10240K, 99% used [0x00000000e7a00000,0x00000000e83fdd28,0x00000000e8400000)
  to   space 12288K, 0% used [0x00000000e8780000,0x00000000e8780000,0x00000000e9380000)
 ParOldGen       total 40448K, used 14434K [0x00000000a0000000, 0x00000000a2780000, 0x00000000e0000000)
  object space 40448K, 35% used [0x00000000a0000000,0x00000000a0e18988,0x00000000a2780000)
 Metaspace       used 34274K, capacity 34834K, committed 35072K, reserved 1079296K
  class space    used 4652K, capacity 4837K, committed 4864K, reserved 1048576K
}
Event: 8.472 GC heap before
{Heap before GC invocations=11 (full 1):
 PSYoungGen      total 135168K, used 46624K [0x00000000e0000000, 0x00000000e9380000, 0x0000000100000000)
  eden space 124928K, 29% used [0x00000000e0000000,0x00000000e238a568,0x00000000e7a00000)
  from space 10240K, 99% used [0x00000000e7a00000,0x00000000e83fdd28,0x00000000e8400000)
  to   space 12288K, 0% used [0x00000000e8780000,0x00000000e8780000,0x00000000e9380000)
 ParOldGen       total 40448K, used 14434K [0x00000000a0000000, 0x00000000a2780000, 0x00000000e0000000)
  object space 40448K, 35% used [0x00000000a0000000,0x00000000a0e18988,0x00000000a2780000)
 Metaspace       used 34605K, capacity 35162K, committed 35416K, reserved 1079296K
  class space    used 4660K, capacity 4837K, committed 4864K, reserved 1048576K
Event: 8.484 GC heap after
Heap after GC invocations=11 (full 1):
 PSYoungGen      total 138752K, used 7648K [0x00000000e0000000, 0x00000000eb580000, 0x0000000100000000)
  eden space 126464K, 0% used [0x00000000e0000000,0x00000000e0000000,0x00000000e7b80000)
  from space 12288K, 62% used [0x00000000e8780000,0x00000000e8ef8030,0x00000000e9380000)
  to   space 12288K, 0% used [0x00000000e7b80000,0x00000000e7b80000,0x00000000e8780000)
 ParOldGen       total 40448K, used 14442K [0x00000000a0000000, 0x00000000a2780000, 0x00000000e0000000)
  object space 40448K, 35% used [0x00000000a0000000,0x00000000a0e1a988,0x00000000a2780000)
 Metaspace       used 34605K, capacity 35162K, committed 35416K, reserved 1079296K
  class space    used 4660K, capacity 4837K, committed 4864K, reserved 1048576K
}
Event: 8.484 GC heap before
{Heap before GC invocations=12 (full 2):
 PSYoungGen      total 138752K, used 7648K [0x00000000e0000000, 0x00000000eb580000, 0x0000000100000000)
  eden space 126464K, 0% used [0x00000000e0000000,0x00000000e0000000,0x00000000e7b80000)
  from space 12288K, 62% used [0x00000000e8780000,0x00000000e8ef8030,0x00000000e9380000)
  to   space 12288K, 0% used [0x00000000e7b80000,0x00000000e7b80000,0x00000000e8780000)
 ParOldGen       total 40448K, used 14442K [0x00000000a0000000, 0x00000000a2780000, 0x00000000e0000000)
  object space 40448K, 35% used [0x00000000a0000000,0x00000000a0e1a988,0x00000000a2780000)
 Metaspace       used 34605K, capacity 35162K, committed 35416K, reserved 1079296K
  class space    used 4660K, capacity 4837K, committed 4864K, reserved 1048576K
Event: 8.601 GC heap after
Heap after GC invocations=12 (full 2):
 PSYoungGen      total 138752K, used 0K [0x00000000e0000000, 0x00000000eb580000, 0x0000000100000000)
  eden space 126464K, 0% used [0x00000000e0000000,0x00000000e0000000,0x00000000e7b80000)
  from space 12288K, 0% used [0x00000000e8780000,0x00000000e8780000,0x00000000e9380000)
  to   space 12288K, 0% used [0x00000000e7b80000,0x00000000e7b80000,0x00000000e8780000)
 ParOldGen       total 56320K, used 14274K [0x00000000a0000000, 0x00000000a3700000, 0x00000000e0000000)
  object space 56320K, 25% used [0x00000000a0000000,0x00000000a0df09e8,0x00000000a3700000)
 Metaspace       used 34605K, capacity 35162K, committed 35416K, reserved 1079296K
  class space    used 4660K, capacity 4837K, committed 4864K, reserved 1048576K
}

