# JRE version: OpenJDK Runtime Environment (8.0_152-b01) (build 1.8.0_152-release-1343-b01)
# Java VM: OpenJDK 64-Bit Server VM (25.152-b01 mixed mode windows-amd64 compressed oops)
Heap:
 PSYoungGen      total 73728K, used 50268K [0x00000000e0000000, 0x00000000e5280000, 0x0000000100000000)
  eden space 62976K, 79% used [0x00000000e0000000,0x00000000e31171e8,0x00000000e3d80000)
  from space 10752K, 0% used [0x00000000e4800000,0x00000000e4800000,0x00000000e5280000)
  to   space 2560K, 0% used [0x00000000e4000000,0x00000000e4000000,0x00000000e4280000)
 ParOldGen       total 44544K, used 13266K [0x00000000a0000000, 0x00000000a2b80000, 0x00000000e0000000)
  object space 44544K, 29% used [0x00000000a0000000,0x00000000a0cf4b10,0x00000000a2b80000)
 Metaspace       used 26681K, capacity 27160K, committed 27392K, reserved 1073152K
  class space    used 3601K, capacity 3774K, committed 3840K, reserved 1048576K
GC Heap History (10 events):
Event: 3.459 GC heap before
{Heap before GC invocations=3 (full 0):
 PSYoungGen      total 35328K, used 35299K [0x00000000e0000000, 0x00000000e2500000, 0x0000000100000000)
  eden space 32768K, 100% used [0x00000000e0000000,0x00000000e2000000,0x00000000e2000000)
  from space 2560K, 98% used [0x00000000e2280000,0x00000000e24f8e30,0x00000000e2500000)
  to   space 2560K, 0% used [0x00000000e2000000,0x00000000e2000000,0x00000000e2280000)
 ParOldGen       total 44032K, used 389K [0x00000000a0000000, 0x00000000a2b00000, 0x00000000e0000000)
  object space 44032K, 0% used [0x00000000a0000000,0x00000000a00616d8,0x00000000a2b00000)
 Metaspace       used 8867K, capacity 9108K, committed 9216K, reserved 1056768K
  class space    used 1150K, capacity 1226K, committed 1280K, reserved 1048576K
Event: 3.471 GC heap after
Heap after GC invocations=3 (full 0):
 PSYoungGen      total 35328K, used 2560K [0x00000000e0000000, 0x00000000e4500000, 0x0000000100000000)
  eden space 32768K, 0% used [0x00000000e0000000,0x00000000e0000000,0x00000000e2000000)
  from space 2560K, 100% used [0x00000000e2000000,0x00000000e2280000,0x00000000e2280000)
  to   space 2560K, 0% used [0x00000000e4280000,0x00000000e4280000,0x00000000e4500000)
 ParOldGen       total 44032K, used 2284K [0x00000000a0000000, 0x00000000a2b00000, 0x00000000e0000000)
  object space 44032K, 5% used [0x00000000a0000000,0x00000000a023b348,0x00000000a2b00000)
 Metaspace       used 8867K, capacity 9108K, committed 9216K, reserved 1056768K
  class space    used 1150K, capacity 1226K, committed 1280K, reserved 1048576K
}
Event: 5.011 GC heap before
{Heap before GC invocations=4 (full 0):
 PSYoungGen      total 35328K, used 35328K [0x00000000e0000000, 0x00000000e4500000, 0x0000000100000000)
  eden space 32768K, 100% used [0x00000000e0000000,0x00000000e2000000,0x00000000e2000000)
  from space 2560K, 100% used [0x00000000e2000000,0x00000000e2280000,0x00000000e2280000)
  to   space 2560K, 0% used [0x00000000e4280000,0x00000000e4280000,0x00000000e4500000)
 ParOldGen       total 44032K, used 2284K [0x00000000a0000000, 0x00000000a2b00000, 0x00000000e0000000)
  object space 44032K, 5% used [0x00000000a0000000,0x00000000a023b348,0x00000000a2b00000)
 Metaspace       used 13259K, capacity 13620K, committed 13824K, reserved 1060864K
  class space    used 1824K, capacity 1964K, committed 2048K, reserved 1048576K
Event: 5.019 GC heap after
Heap after GC invocations=4 (full 0):
 PSYoungGen      total 68096K, used 2544K [0x00000000e0000000, 0x00000000e4500000, 0x0000000100000000)
  eden space 65536K, 0% used [0x00000000e0000000,0x00000000e0000000,0x00000000e4000000)
  from space 2560K, 99% used [0x00000000e4280000,0x00000000e44fc030,0x00000000e4500000)
  to   space 2560K, 0% used [0x00000000e4000000,0x00000000e4000000,0x00000000e4280000)
 ParOldGen       total 44032K, used 6083K [0x00000000a0000000, 0x00000000a2b00000, 0x00000000e0000000)
  object space 44032K, 13% used [0x00000000a0000000,0x00000000a05f0e18,0x00000000a2b00000)
 Metaspace       used 13259K, capacity 13620K, committed 13824K, reserved 1060864K
  class space    used 1824K, capacity 1964K, committed 2048K, reserved 1048576K
}
Event: 6.830 GC heap before
{Heap before GC invocations=5 (full 0):
 PSYoungGen      total 68096K, used 68080K [0x00000000e0000000, 0x00000000e4500000, 0x0000000100000000)
  eden space 65536K, 100% used [0x00000000e0000000,0x00000000e4000000,0x00000000e4000000)
  from space 2560K, 99% used [0x00000000e4280000,0x00000000e44fc030,0x00000000e4500000)
  to   space 2560K, 0% used [0x00000000e4000000,0x00000000e4000000,0x00000000e4280000)
 ParOldGen       total 44032K, used 6083K [0x00000000a0000000, 0x00000000a2b00000, 0x00000000e0000000)
  object space 44032K, 13% used [0x00000000a0000000,0x00000000a05f0e18,0x00000000a2b00000)
 Metaspace       used 19115K, capacity 19566K, committed 19968K, reserved 1067008K
  class space    used 2770K, capacity 2957K, committed 3072K, reserved 1048576K
Event: 6.842 GC heap after
Heap after GC invocations=5 (full 0):
 PSYoungGen      total 65536K, used 2528K [0x00000000e0000000, 0x00000000e5280000, 0x0000000100000000)
  eden space 62976K, 0% used [0x00000000e0000000,0x00000000e0000000,0x00000000e3d80000)
  from space 2560K, 98% used [0x00000000e4000000,0x00000000e4278030,0x00000000e4280000)
  to   space 10752K, 0% used [0x00000000e4800000,0x00000000e4800000,0x00000000e5280000)
 ParOldGen       total 44032K, used 14029K [0x00000000a0000000, 0x00000000a2b00000, 0x00000000e0000000)
  object space 44032K, 31% used [0x00000000a0000000,0x00000000a0db3460,0x00000000a2b00000)
 Metaspace       used 19115K, capacity 19566K, committed 19968K, reserved 1067008K
  class space    used 2770K, capacity 2957K, committed 3072K, reserved 1048576K
}
Event: 7.176 GC heap before
{Heap before GC invocations=6 (full 0):
 PSYoungGen      total 65536K, used 14257K [0x00000000e0000000, 0x00000000e5280000, 0x0000000100000000)
  eden space 62976K, 18% used [0x00000000e0000000,0x00000000e0b74440,0x00000000e3d80000)
  from space 2560K, 98% used [0x00000000e4000000,0x00000000e4278030,0x00000000e4280000)
  to   space 10752K, 0% used [0x00000000e4800000,0x00000000e4800000,0x00000000e5280000)
 ParOldGen       total 44032K, used 14029K [0x00000000a0000000, 0x00000000a2b00000, 0x00000000e0000000)
  object space 44032K, 31% used [0x00000000a0000000,0x00000000a0db3460,0x00000000a2b00000)
 Metaspace       used 20560K, capacity 21076K, committed 21296K, reserved 1067008K
  class space    used 2917K, capacity 3119K, committed 3200K, reserved 1048576K
Event: 7.185 GC heap after
Heap after GC invocations=6 (full 0):
 PSYoungGen      total 73728K, used 4157K [0x00000000e0000000, 0x00000000e5280000, 0x0000000100000000)
  eden space 62976K, 0% used [0x00000000e0000000,0x00000000e0000000,0x00000000e3d80000)
  from space 10752K, 38% used [0x00000000e4800000,0x00000000e4c0f4a0,0x00000000e5280000)
  to   space 2560K, 0% used [0x00000000e4000000,0x00000000e4000000,0x00000000e4280000)
 ParOldGen       total 44032K, used 14029K [0x00000000a0000000, 0x00000000a2b00000, 0x00000000e0000000)
  object space 44032K, 31% used [0x00000000a0000000,0x00000000a0db3460,0x00000000a2b00000)
 Metaspace       used 20560K, capacity 21076K, committed 21296K, reserved 1067008K
  class space    used 2917K, capacity 3119K, committed 3200K, reserved 1048576K
}
Event: 7.185 GC heap before
{Heap before GC invocations=7 (full 1):
 PSYoungGen      total 73728K, used 4157K [0x00000000e0000000, 0x00000000e5280000, 0x0000000100000000)
  eden space 62976K, 0% used [0x00000000e0000000,0x00000000e0000000,0x00000000e3d80000)
  from space 10752K, 38% used [0x00000000e4800000,0x00000000e4c0f4a0,0x00000000e5280000)
  to   space 2560K, 0% used [0x00000000e4000000,0x00000000e4000000,0x00000000e4280000)
 ParOldGen       total 44032K, used 14029K [0x00000000a0000000, 0x00000000a2b00000, 0x00000000e0000000)
  object space 44032K, 31% used [0x00000000a0000000,0x00000000a0db3460,0x00000000a2b00000)
 Metaspace       used 20560K, capacity 21076K, committed 21296K, reserved 1067008K
  class space    used 2917K, capacity 3119K, committed 3200K, reserved 1048576K
Event: 7.253 GC heap after
Heap after GC invocations=7 (full 1):
 PSYoungGen      total 73728K, used 0K [0x00000000e0000000, 0x00000000e5280000, 0x0000000100000000)
  eden space 62976K, 0% used [0x00000000e0000000,0x00000000e0000000,0x00000000e3d80000)
  from space 10752K, 0% used [0x00000000e4800000,0x00000000e4800000,0x00000000e5280000)
  to   space 2560K, 0% used [0x00000000e4000000,0x00000000e4000000,0x00000000e4280000)
 ParOldGen       total 44544K, used 13266K [0x00000000a0000000, 0x00000000a2b80000, 0x00000000e0000000)
  object space 44544K, 29% used [0x00000000a0000000,0x00000000a0cf4b10,0x00000000a2b80000)
 Metaspace       used 20560K, capacity 21076K, committed 21296K, reserved 1067008K
  class space    used 2917K, capacity 3119K, committed 3200K, reserved 1048576K
}

